d:\visualstudio\sdl2\sdl2-gamedevcmake\sdl2-minesweeper\out\build\sdl2-minesweeper\sdl2-minesweeper.dir\debug\vc143.pdb
d:\visualstudio\sdl2\sdl2-gamedevcmake\sdl2-minesweeper\out\build\sdl2-minesweeper\sdl2-minesweeper.dir\debug\imgui_stdlib.obj
d:\visualstudio\sdl2\sdl2-gamedevcmake\sdl2-minesweeper\out\build\sdl2-minesweeper\sdl2-minesweeper.dir\debug\imgui_impl_sdlrenderer.obj
d:\visualstudio\sdl2\sdl2-gamedevcmake\sdl2-minesweeper\out\build\sdl2-minesweeper\sdl2-minesweeper.dir\debug\imgui_impl_sdl.obj
d:\visualstudio\sdl2\sdl2-gamedevcmake\sdl2-minesweeper\out\build\sdl2-minesweeper\sdl2-minesweeper.dir\debug\imgui_widgets.obj
d:\visualstudio\sdl2\sdl2-gamedevcmake\sdl2-minesweeper\out\build\sdl2-minesweeper\sdl2-minesweeper.dir\debug\imgui_tables.obj
d:\visualstudio\sdl2\sdl2-gamedevcmake\sdl2-minesweeper\out\build\sdl2-minesweeper\sdl2-minesweeper.dir\debug\imgui_draw.obj
d:\visualstudio\sdl2\sdl2-gamedevcmake\sdl2-minesweeper\out\build\sdl2-minesweeper\sdl2-minesweeper.dir\debug\imgui_demo.obj
d:\visualstudio\sdl2\sdl2-gamedevcmake\sdl2-minesweeper\out\build\sdl2-minesweeper\sdl2-minesweeper.dir\debug\imgui.obj
d:\visualstudio\sdl2\sdl2-gamedevcmake\sdl2-minesweeper\out\build\sdl2-minesweeper\sdl2-minesweeper.dir\debug\topmenubarimp.obj
d:\visualstudio\sdl2\sdl2-gamedevcmake\sdl2-minesweeper\out\build\sdl2-minesweeper\sdl2-minesweeper.dir\debug\topmenubar.obj
d:\visualstudio\sdl2\sdl2-gamedevcmake\sdl2-minesweeper\out\build\sdl2-minesweeper\sdl2-minesweeper.dir\debug\tile.obj
d:\visualstudio\sdl2\sdl2-gamedevcmake\sdl2-minesweeper\out\build\sdl2-minesweeper\sdl2-minesweeper.dir\debug\texturehandler.obj
d:\visualstudio\sdl2\sdl2-gamedevcmake\sdl2-minesweeper\out\build\sdl2-minesweeper\sdl2-minesweeper.dir\debug\subscriber.obj
d:\visualstudio\sdl2\sdl2-gamedevcmake\sdl2-minesweeper\out\build\sdl2-minesweeper\sdl2-minesweeper.dir\debug\sdlhandler.obj
d:\visualstudio\sdl2\sdl2-gamedevcmake\sdl2-minesweeper\out\build\sdl2-minesweeper\sdl2-minesweeper.dir\debug\inputhandler.obj
d:\visualstudio\sdl2\sdl2-gamedevcmake\sdl2-minesweeper\out\build\sdl2-minesweeper\sdl2-minesweeper.dir\debug\imguihandler.obj
d:\visualstudio\sdl2\sdl2-gamedevcmake\sdl2-minesweeper\out\build\sdl2-minesweeper\sdl2-minesweeper.dir\debug\gamemanager.obj
d:\visualstudio\sdl2\sdl2-gamedevcmake\sdl2-minesweeper\out\build\sdl2-minesweeper\sdl2-minesweeper.dir\debug\eventhandler.obj
d:\visualstudio\sdl2\sdl2-gamedevcmake\sdl2-minesweeper\out\build\sdl2-minesweeper\sdl2-minesweeper.dir\debug\main.obj
d:\visualstudio\sdl2\sdl2-gamedevcmake\sdl2-minesweeper\out\build\sdl2-minesweeper\cmakefiles\generate.stamp
d:\visualstudio\sdl2\sdl2-gamedevcmake\sdl2-minesweeper\out\build\sdl2-minesweeper\sdl2-minesweeper.dir\debug\sdl2-minesweeper.ilk
d:\visualstudio\sdl2\sdl2-gamedevcmake\sdl2-minesweeper\out\build\sdl2-minesweeper\debug\sdl2-minesweeper.exe
d:\visualstudio\sdl2\sdl2-gamedevcmake\sdl2-minesweeper\out\build\sdl2-minesweeper\debug\sdl2-minesweeper.pdb
d:\visualstudio\sdl2\sdl2-gamedevcmake\sdl2-minesweeper\out\build\sdl2-minesweeper\sdl2-minesweeper.dir\debug\sdl2-minesweeper.tlog\cl.command.1.tlog
d:\visualstudio\sdl2\sdl2-gamedevcmake\sdl2-minesweeper\out\build\sdl2-minesweeper\sdl2-minesweeper.dir\debug\sdl2-minesweeper.tlog\cl.read.1.tlog
d:\visualstudio\sdl2\sdl2-gamedevcmake\sdl2-minesweeper\out\build\sdl2-minesweeper\sdl2-minesweeper.dir\debug\sdl2-minesweeper.tlog\cl.write.1.tlog
d:\visualstudio\sdl2\sdl2-gamedevcmake\sdl2-minesweeper\out\build\sdl2-minesweeper\sdl2-minesweeper.dir\debug\sdl2-minesweeper.tlog\custombuild.command.1.tlog
d:\visualstudio\sdl2\sdl2-gamedevcmake\sdl2-minesweeper\out\build\sdl2-minesweeper\sdl2-minesweeper.dir\debug\sdl2-minesweeper.tlog\custombuild.read.1.tlog
d:\visualstudio\sdl2\sdl2-gamedevcmake\sdl2-minesweeper\out\build\sdl2-minesweeper\sdl2-minesweeper.dir\debug\sdl2-minesweeper.tlog\custombuild.write.1.tlog
d:\visualstudio\sdl2\sdl2-gamedevcmake\sdl2-minesweeper\out\build\sdl2-minesweeper\sdl2-minesweeper.dir\debug\sdl2-minesweeper.tlog\link.command.1.tlog
d:\visualstudio\sdl2\sdl2-gamedevcmake\sdl2-minesweeper\out\build\sdl2-minesweeper\sdl2-minesweeper.dir\debug\sdl2-minesweeper.tlog\link.read.1.tlog
d:\visualstudio\sdl2\sdl2-gamedevcmake\sdl2-minesweeper\out\build\sdl2-minesweeper\sdl2-minesweeper.dir\debug\sdl2-minesweeper.tlog\link.write.1.tlog
